Vivado Simulator v2021.1
Copyright 1986-1999, 2001-2021 Xilinx, Inc. All Rights Reserved.
Running: C:/Xilinx/Vivado/2021.1/bin/unwrapped/win64.o/xelab.exe -wto 977881d1281f4a1c8b2ad1ab30f6ca26 --incr --debug typical --relax --mt 2 -L xil_defaultlib -L uvm -L unisims_ver -L unimacro_ver -L secureip --snapshot mips_tester_full_behav xil_defaultlib.mips_tester_full xil_defaultlib.glbl -log elaborate.log 
Using 2 slave threads.
Starting static elaboration
Pass Through NonSizing Optimizer
WARNING: [VRFC 10-2861] module 'datapath' does not have a parameter named Nreg [C:/Users/samum/Comp541/Lab8/Lab8.srcs/sources_1/new/mips.sv:51]
WARNING: [VRFC 10-3091] actual bit length 30 differs from formal bit length 7 for port 'addr' [C:/Users/samum/Comp541/Lab8/Lab8.srcs/sources_1/new/top.sv:38]
WARNING: [VRFC 10-3091] actual bit length 30 differs from formal bit length 6 for port 'addr' [C:/Users/samum/Comp541/Lab8/Lab8.srcs/sources_1/new/top.sv:42]
Completed static elaboration
Starting simulation data flow analysis
WARNING: [XSIM 43-4099] "C:/Users/samum/Comp541/Lab8/Lab8.srcs/sources_1/imports/sources_1/new/ALU.sv" Line 2. Module ALU doesn't have a timescale but at least one module in design has a timescale.
WARNING: [XSIM 43-4099] "C:/Users/samum/Comp541/Lab8/Lab8.srcs/sources_1/imports/sources_1/imports/new/add_sub_8bit.sv" Line 2. Module addsub doesn't have a timescale but at least one module in design has a timescale.
WARNING: [XSIM 43-4099] "C:/Users/samum/Comp541/Lab8/Lab8.srcs/sources_1/imports/sources_1/new/adder.sv" Line 2. Module adder_default doesn't have a timescale but at least one module in design has a timescale.
WARNING: [XSIM 43-4099] "C:/Users/samum/Comp541/Lab8/Lab8.srcs/sources_1/imports/new/comparator.sv" Line 2. Module comparator doesn't have a timescale but at least one module in design has a timescale.
WARNING: [XSIM 43-4099] "C:/Users/samum/Comp541/Lab8/Lab8.srcs/sources_1/imports/sources_1/new/ALU.sv" Line 2. Module ALU doesn't have a timescale but at least one module in design has a timescale.
WARNING: [XSIM 43-4099] "C:/Users/samum/Comp541/Lab8/Lab8.srcs/sources_1/imports/sources_1/imports/new/add_sub_8bit.sv" Line 2. Module addsub doesn't have a timescale but at least one module in design has a timescale.
WARNING: [XSIM 43-4099] "C:/Users/samum/Comp541/Lab8/Lab8.srcs/sources_1/imports/sources_1/new/adder.sv" Line 2. Module adder_default doesn't have a timescale but at least one module in design has a timescale.
WARNING: [XSIM 43-4099] "C:/Users/samum/Comp541/Lab8/Lab8.srcs/sources_1/imports/new/comparator.sv" Line 2. Module comparator doesn't have a timescale but at least one module in design has a timescale.
Completed simulation data flow analysis
Time Resolution for simulation is 1ps
Compiling module xil_defaultlib.controller
Compiling module xil_defaultlib.sign_extend
Compiling module xil_defaultlib.register_file
Compiling module xil_defaultlib.fulladder
Compiling module xil_defaultlib.adder_default
Compiling module xil_defaultlib.addsub
Compiling module xil_defaultlib.shifter
Compiling module xil_defaultlib.logical
Compiling module xil_defaultlib.comparator
Compiling module xil_defaultlib.ALU
Compiling module xil_defaultlib.datapath
Compiling module xil_defaultlib.mips
Compiling module xil_defaultlib.rom_module(Nloc=128,Dbits=32,ini...
Compiling module xil_defaultlib.ram_module(Nloc=64,Dbits=32,init...
Compiling module xil_defaultlib.top(imem_init="full_imem.mem",dm...
Compiling module xil_defaultlib.selfcheck
Compiling module xil_defaultlib.mips_tester_full
Compiling module xil_defaultlib.glbl
Built simulation snapshot mips_tester_full_behav
