INFO: [VRFC 10-2263] Analyzing SystemVerilog file "C:/Users/samum/Comp541/Lab8/Lab8.srcs/sources_1/imports/sources_1/new/ALU.sv" into library xil_defaultlib
INFO: [VRFC 10-311] analyzing module ALU
INFO: [VRFC 10-2263] Analyzing SystemVerilog file "C:/Users/samum/Comp541/Lab8/Lab8.srcs/sources_1/imports/sources_1/imports/new/add_sub_8bit.sv" into library xil_defaultlib
INFO: [VRFC 10-311] analyzing module addsub
INFO: [VRFC 10-2263] Analyzing SystemVerilog file "C:/Users/samum/Comp541/Lab8/Lab8.srcs/sources_1/imports/sources_1/new/adder.sv" into library xil_defaultlib
INFO: [VRFC 10-311] analyzing module adder
INFO: [VRFC 10-2263] Analyzing SystemVerilog file "C:/Users/samum/Comp541/Lab8/Lab8.srcs/sources_1/imports/new/comparator.sv" into library xil_defaultlib
INFO: [VRFC 10-311] analyzing module comparator
INFO: [VRFC 10-2263] Analyzing SystemVerilog file "C:/Users/samum/Comp541/Lab8/Lab8.srcs/sources_1/new/controller.sv" into library xil_defaultlib
INFO: [VRFC 10-311] analyzing module controller
INFO: [VRFC 10-2263] Analyzing SystemVerilog file "C:/Users/samum/Comp541/Lab8/Lab8.srcs/sources_1/new/datapath.sv" into library xil_defaultlib
INFO: [VRFC 10-311] analyzing module datapath
INFO: [VRFC 10-2263] Analyzing SystemVerilog file "C:/Users/samum/Comp541/Lab8/Lab8.srcs/sources_1/imports/sources_1/new/fulladder.sv" into library xil_defaultlib
INFO: [VRFC 10-311] analyzing module fulladder
INFO: [VRFC 10-2263] Analyzing SystemVerilog file "C:/Users/samum/Comp541/Lab8/Lab8.srcs/sources_1/imports/sources_1/new/logical.sv" into library xil_defaultlib
INFO: [VRFC 10-311] analyzing module logical
INFO: [VRFC 10-2263] Analyzing SystemVerilog file "C:/Users/samum/Comp541/Lab8/Lab8.srcs/sources_1/new/mips.sv" into library xil_defaultlib
INFO: [VRFC 10-311] analyzing module mips
INFO: [VRFC 10-2263] Analyzing SystemVerilog file "C:/Users/samum/Comp541/Lab8/Lab8.srcs/sources_1/new/ram_module.sv" into library xil_defaultlib
INFO: [VRFC 10-311] analyzing module ram_module
INFO: [VRFC 10-2263] Analyzing SystemVerilog file "C:/Users/samum/Comp541/Lab8/Lab8.srcs/sources_1/new/register_file.sv" into library xil_defaultlib
INFO: [VRFC 10-311] analyzing module register_file
INFO: [VRFC 10-2263] Analyzing SystemVerilog file "C:/Users/samum/Comp541/Lab8/Lab8.srcs/sources_1/imports/new/rom_module.sv" into library xil_defaultlib
INFO: [VRFC 10-311] analyzing module rom_module
INFO: [VRFC 10-2263] Analyzing SystemVerilog file "C:/Users/samum/Comp541/Lab8/Lab8.srcs/sources_1/imports/sources_1/new/shifter.sv" into library xil_defaultlib
INFO: [VRFC 10-311] analyzing module shifter
INFO: [VRFC 10-2263] Analyzing SystemVerilog file "C:/Users/samum/Comp541/Lab8/Lab8.srcs/sources_1/new/sign_extend.sv" into library xil_defaultlib
INFO: [VRFC 10-311] analyzing module sign_extend
INFO: [VRFC 10-2263] Analyzing SystemVerilog file "C:/Users/samum/Comp541/Lab8/Lab8.srcs/sources_1/new/top.sv" into library xil_defaultlib
INFO: [VRFC 10-311] analyzing module top
INFO: [VRFC 10-2263] Analyzing SystemVerilog file "C:/Users/samum/Comp541/Lab8/Lab8.srcs/sim_2/new/mips_tester_full.sv" into library xil_defaultlib
INFO: [VRFC 10-311] analyzing module mips_tester_full
INFO: [VRFC 10-311] analyzing module selfcheck
